[debug] [2023-04-17T09:58:03.992Z] ----------------------------------------------------------------------
[debug] [2023-04-17T09:58:03.993Z] Command:       C:\Program Files\nodejs\node.exe C:\Users\ASUS\AppData\Roaming\npm\node_modules\firebase-tools\lib\bin\firebase.js deploy
[debug] [2023-04-17T09:58:03.994Z] CLI Version:   11.25.3
[debug] [2023-04-17T09:58:03.994Z] Platform:      win32
[debug] [2023-04-17T09:58:03.994Z] Node Version:  v18.12.1
[debug] [2023-04-17T09:58:03.995Z] Time:          Mon Apr 17 2023 15:28:03 GMT+0530 (India Standard Time)
[debug] [2023-04-17T09:58:03.995Z] ----------------------------------------------------------------------
[debug] 
[debug] [2023-04-17T09:58:03.998Z] >>> [apiv2][query] GET https://firebase-public.firebaseio.com/cli.json [none]
[debug] [2023-04-17T09:58:04.082Z] > command requires scopes: ["email","openid","https://www.googleapis.com/auth/cloudplatformprojects.readonly","https://www.googleapis.com/auth/firebase","https://www.googleapis.com/auth/cloud-platform"]
[debug] [2023-04-17T09:58:04.082Z] > authorizing via signed-in user (mohitkir0029@gmail.com)
[debug] [2023-04-17T09:58:04.082Z] [iam] checking project agenone-bd29a for permissions ["firebase.projects.get","firebasehosting.sites.update"]
[debug] [2023-04-17T09:58:04.083Z] > refreshing access token with scopes: []
[debug] [2023-04-17T09:58:04.084Z] >>> [apiv2][query] POST https://www.googleapis.com/oauth2/v3/token [none]
[debug] [2023-04-17T09:58:04.084Z] >>> [apiv2][body] POST https://www.googleapis.com/oauth2/v3/token [omitted]
[debug] [2023-04-17T09:58:04.339Z] <<< [apiv2][status] POST https://www.googleapis.com/oauth2/v3/token 200
[debug] [2023-04-17T09:58:04.339Z] <<< [apiv2][body] POST https://www.googleapis.com/oauth2/v3/token [omitted]
[debug] [2023-04-17T09:58:04.347Z] >>> [apiv2][query] POST https://cloudresourcemanager.googleapis.com/v1/projects/agenone-bd29a:testIamPermissions [none]
[debug] [2023-04-17T09:58:04.347Z] >>> [apiv2][(partial)header] POST https://cloudresourcemanager.googleapis.com/v1/projects/agenone-bd29a:testIamPermissions x-goog-quota-user=projects/agenone-bd29a
[debug] [2023-04-17T09:58:04.347Z] >>> [apiv2][body] POST https://cloudresourcemanager.googleapis.com/v1/projects/agenone-bd29a:testIamPermissions {"permissions":["firebase.projects.get","firebasehosting.sites.update"]}
[debug] [2023-04-17T09:58:04.761Z] <<< [apiv2][status] GET https://firebase-public.firebaseio.com/cli.json 200
[debug] [2023-04-17T09:58:04.761Z] <<< [apiv2][body] GET https://firebase-public.firebaseio.com/cli.json {"cloudBuildErrorAfter":1594252800000,"cloudBuildWarnAfter":1590019200000,"defaultNode10After":1594252800000,"minVersion":"3.0.5","node8DeploysDisabledAfter":1613390400000,"node8RuntimeDisabledAfter":1615809600000,"node8WarnAfter":1600128000000}
[debug] [2023-04-17T09:58:06.069Z] <<< [apiv2][status] POST https://cloudresourcemanager.googleapis.com/v1/projects/agenone-bd29a:testIamPermissions 200
[debug] [2023-04-17T09:58:06.069Z] <<< [apiv2][body] POST https://cloudresourcemanager.googleapis.com/v1/projects/agenone-bd29a:testIamPermissions {}
[debug] [2023-04-17T09:58:06.069Z] [iam] error while checking permissions, command may fail: FirebaseError: Authorization failed. This account is missing the following required permissions on project agenone-bd29a:

  firebase.projects.get
  firebasehosting.sites.update
[debug] [2023-04-17T09:58:06.070Z] >>> [apiv2][query] GET https://firebase.googleapis.com/v1beta1/projects/agenone-bd29a [none]
[debug] [2023-04-17T09:58:06.637Z] <<< [apiv2][status] GET https://firebase.googleapis.com/v1beta1/projects/agenone-bd29a 403
[debug] [2023-04-17T09:58:06.637Z] <<< [apiv2][body] GET https://firebase.googleapis.com/v1beta1/projects/agenone-bd29a {"error":{"code":403,"message":"The caller does not have permission","status":"PERMISSION_DENIED"}}
[debug] [2023-04-17T09:58:06.638Z] HTTP Error: 403, The caller does not have permission
[debug] [2023-04-17T09:58:06.924Z] FirebaseError: HTTP Error: 403, The caller does not have permission
    at responseToError (C:\Users\ASUS\AppData\Roaming\npm\node_modules\firebase-tools\lib\responseToError.js:49:12)
    at RetryOperation._fn (C:\Users\ASUS\AppData\Roaming\npm\node_modules\firebase-tools\lib\apiv2.js:288:77)
    at process.processTicksAndRejections (node:internal/process/task_queues:95:5)
[error] 
[error] Error: Failed to get Firebase project agenone-bd29a. Please make sure the project exists and your account has permission to access it.
